<?xml version="1.0" encoding="UTF-8"?>
<!-- Generated by org.testng.reporters.JUnitReportReporter -->
<testsuite name="AutomationFramework.SignIn" tests="1" time="8.606" ignored="0" failures="0" timestamp="21 Dec 2016 07:22:13 GMT" skipped="0" hostname="HaridwarRajshri" errors="0">
  <testcase name="mainTest3" time="8.606" classname="AutomationFramework.SignIn"/>
</testsuite> <!-- AutomationFramework.SignIn -->
